1517380967 1.5561 0.409516 0.138088 0.0198249 0.00462874
1517381167 1.5561 0.409516 0.138088 0.0198249 0.00462874
1517381567 1.5561 0.409516 0.138088 0.0198249 0.00462874
1517382367 2.9485 0.816807 0.278692 0.0402152 0.00939563
1517383967 4.63186 1.36852 0.474166 0.0688824 0.0161071
1517387167 6.06395 2.08526 0.750419 0.110852 0.0259771
1517390367 8.20359 3.21078 1.1971 0.179678 0.042193
1517393567 10.6243 4.68464 1.80823 0.275733 0.064883
1517396767 10.5054 5.25806 2.10767 0.327002 0.077121
1517399967 9.74477 5.60056 2.34496 0.371218 0.08778
1517403167 9.79719 6.02045 2.6031 0.418645 0.0992035
1517406367 11.98 7.05245 3.08057 0.499106 0.118397
1517409567 14.4074 8.25197 3.63352 0.592417 0.140665
1517412767 16.5419 9.51893 4.23598 0.695504 0.16531
1517415967 17.9855 10.6862 4.83271 0.80091 0.190613
1517419167 18.5363 11.6224 5.37224 0.900885 0.214756
1517422367 18.9853 12.4845 5.90176 1.00186 0.23923
1517425567 19.4196 13.3077 6.42759 1.10418 0.2641
1517428767 18.1757 13.6002 6.77095 1.18104 0.283067
1517431967 14.242 12.6234 6.62822 1.18547 0.285066
1517435167 13.6872 12.6283 6.84458 1.24546 0.300201
1517438367 13.0901 12.9168 7.24384 1.34125 0.324051
1517441567 11.2141 11.5004 6.67251 1.25884 0.304924
1517444767 11.8603 12.5322 7.51236 1.44324 0.350464
1517447967 11.1974 11.6305 7.08661 1.37823 0.335284
1517451167 10.8301 12.0349 7.68986 1.5328 0.374119
1517454367 11.2281 12.0254 7.84392 1.58753 0.388342
1517457567 11.4933 12.0153 7.99543 1.64344 0.402938
1517460767 11.4156 11.945 8.11276 1.69278 0.415947
1517463967 11.2652 11.8484 8.21412 1.74013 0.428535
1517467167 10.5156 10.9769 7.84296 1.69795 0.419458
1517470367 10.7361 10.7493 7.52374 1.62456 0.401366
1517473567 9.26448 9.88787 7.38685 1.6544 0.41075
1517476767 9.89896 10.1698 7.67681 1.74159 0.433269
1517479967 10.814 11.5272 8.73059 1.99384 0.496624
1517483167 10.5283 11.3699 8.77434 2.0345 0.507912
1517486367 10.6942 11.2528 8.68856 2.02765 0.506804
1517489567 11.382 11.4904 8.99444 2.13539 0.535186
1517492767 11.9449 11.6404 9.13204 2.1904 0.549969
1517495967 11.0518 10.5911 8.37371 2.03911 0.513281
1517499167 12.1703 11.7688 9.35689 2.29703 0.57902
1517502367 12.457 11.8973 9.49879 2.3582 0.595625
1517505567 12.6594 12.0215 9.6305 2.41504 0.611084
1517508767 12.6651 11.811 9.49244 2.40604 0.609982
1517511967 12.8438 12.1651 9.76315 2.48745 0.631355
1517515167 14.4643 12.6926 10.108 2.59638 0.66013
1517518367 18.0864 13.94 10.6348 2.71236 0.689624
1517521567 20.5257 15.0308 11.1291 2.82488 0.718352
1517524767 21.3433 15.5052 11.1813 2.8059 0.712784
1517527967 20.9667 14.6236 10.5343 2.68551 0.684208
1517531167 23.7006 17.0937 12.2695 3.11606 0.793659
1517534367 23.9812 17.6077 12.6069 3.20815 0.817666
1517537567 24.4915 18.1446 12.9544 3.30291 0.842391
1517540767 24.4447 18.5267 13.2542 3.3909 0.86554
1517543967 22.3152 16.871 11.8836 3.02641 0.772447
1517547167 23.2389 18.293 13.2558 3.42838 0.876851
1517550367 24.1618 19.414 14.0576 3.6327 0.9294
1517553567 24.127 19.6438 14.3695 3.75201 0.961698
1517556767 22.2344 17.7889 12.7526 3.30009 0.845315
1517559967 23.4866 19.4176 14.5357 3.86948 0.995056
1517563167 24.4628 20.3324 15.1315 4.01817 1.03336
1517566367 24.9221 20.6384 15.4106 4.11148 1.05842
1517569567 25.3727 20.9922 15.7259 4.21726 1.08688
1517572767 25.9637 21.3565 16.0254 4.317 1.11375
1517575967 26.3487 21.6883 16.3073 4.40988 1.13875
1517579167 24.7339 20.16 15.3568 4.22258 1.09329
1517582367 27.0686 22.3559 16.9069 4.61669 1.19469
1517585567 26.5952 22.4548 17.1235 4.70703 1.21957
1517588767 25.085 21.9675 17.1006 4.76232 1.2364
1517591967 26.0085 22.5701 17.5266 4.89187 1.27104
1517595167 26.0302 22.6823 17.7367 4.98389 1.2966
1517598367 24.8162 21.9955 17.5649 5.01104 1.30671
1517601567 26.0408 22.8488 18.1239 5.16664 1.34785
1517604767 26.4128 23.0173 18.333 5.26018 1.37407
1517607967 26.4592 23.1277 18.4544 5.30033 1.38508
1517611167 24.5731 21.6189 17.3864 5.06577 1.32713
1517614367 24.6971 22.0006 18.1099 5.37879 1.4137
1517617567 24.9912 22.6706 18.785 5.58462 1.46817
1517620767 24.9554 22.5916 18.8785 5.66249 1.49107
1517623967 24.9497 22.4924 18.9547 5.73698 1.51316
1517627167 24.0241 21.4464 18.2452 5.55809 1.46707
1517630367 23.8797 21.3328 18.3596 5.71075 1.51365
1517633567 23.0371 20.304 17.4919 5.44644 1.44399
1517636767 24.1364 21.3338 18.6983 5.93097 1.57736
1517639967 25.2039 22.2349 19.3425 6.11834 1.62736
1517643167 25.0044 22.1482 19.3352 6.13695 1.63346
1517646367 24.7684 22.0383 19.4262 6.25655 1.66988
1517649567 23.5689 20.7436 18.2489 5.87629 1.56853
1517652767 22.4866 19.8151 17.6048 5.71372 1.52713
1517655967 24.68 21.8042 19.5424 6.46763 1.73545
1517659167 24.5577 21.724 19.5757 6.53719 1.75722
1517662367 24.4776 21.6572 19.6074 6.60487 1.77855
1517665567 24.4255 21.5946 19.6382 6.6724 1.79984
1517668767 24.3915 21.5365 19.6574 6.73104 1.81856
1517671967 23.2322 20.4516 18.7184 6.43607 1.74041
1517675167 24.1495 21.3764 19.6946 6.87076 1.86352
1517678367 22.6171 20.173 18.8106 6.69232 1.82197
1517681567 23.1661 20.7101 19.145 6.81542 1.85705
1517684767 23.2269 20.8536 19.6033 7.04296 1.9213
1517687967 22.1656 19.7467 18.7093 6.82415 1.86692
1517691167 22.8743 20.5711 19.5355 7.12823 1.95035
1517694367 22.9175 20.4668 19.4056 7.12509 1.95306
1517697567 21.4259 19.243 18.5644 6.97 1.91793
1517700767 21.2573 19.0823 18.3899 6.82516 1.87309
1517703967 21.9857 19.8711 19.3213 7.33137 2.02173
1517707167 20.8129 18.6954 18.2948 6.99176 1.93046
1517710367 21.498 18.8672 18.4298 7.17227 1.98861
1517713567 21.2596 19.1914 18.7761 7.31338 2.02913
1517716767 19.9215 17.4297 17.5077 7.0582 1.96816
1517719967 20.7918 18.1595 18.0319 7.11428 1.97648
1517723167 22.0712 19.1722 18.995 7.58233 2.11273
1517726367 21.2181 18.179 18.0762 7.29353 2.03674
1517729567 21.3138 18.1606 17.9786 7.2486 2.02372
1517732767 22.3762 19.1586 18.9486 7.74211 2.16918
1517735967 22.4169 19.1526 18.845 7.71207 2.16333
1517739167 21.4434 18.1552 17.8803 7.36216 2.06724
1517742367 21.4605 18.1524 17.9741 7.57823 2.13887
1517745567 22.4717 19.1507 18.8914 7.94316 2.24134
1517748767 22.3804 19.1259 18.8725 7.9928 2.25941
1517751967 18.4199 15.142 15.0274 6.45774 1.8285
1517755167 21.3111 18.0916 17.8518 7.64594 2.16699
1517758367 22.2403 19.0614 18.8157 8.14462 2.31522
1517761567 21.9785 18.9674 18.7722 8.1905 2.33274
1517764767 21.5622 18.8113 18.7009 8.22942 2.34838
1517767967 21.1265 18.616 18.6145 8.26596 2.36358
1517771167 21.2563 18.5691 18.5787 8.31132 2.38107
1517774367 20.3394 17.5267 17.5713 7.93951 2.27934
1517777567 20.9354 18.3545 18.4594 8.38893 2.41254
1517780767 19.6277 17.1804 17.3909 7.96312 2.29262
1517783967 20.3516 18.0098 18.2398 8.38741 2.42001
1517787167 19.2731 16.8568 17.216 8.03002 2.32206
1517790367 20.3489 17.7851 18.1442 8.534 2.47434
1517793567 20.3997 17.7199 18.0857 8.57012 2.48964
1517796767 20.5607 17.6964 18.045 8.60904 2.50564
1517799967 20.6317 17.6714 18.0021 8.64637 2.52123
1517803167 20.1891 17.0222 17.2784 8.41777 2.46397
1517806367 21.0852 17.7444 17.9603 8.72963 2.555
1517809567 21.2269 17.7848 17.9057 8.68864 2.54383
1517812767 21.3194 17.8218 17.8948 8.73147 2.56097
1517815967 21.3798 17.854 17.8818 8.77549 2.57874
1517819167 21.4192 17.8815 17.7747 8.68077 2.55254
1517822367 20.4448 16.9099 16.8494 8.3269 2.45262
1517825567 21.5637 17.9668 17.8401 8.86527 2.61799
1517828767 20.4811 17.0227 16.6184 8.12632 2.39371
1517831967 21.4046 17.9724 17.7849 8.89718 2.63548
1517835167 21.4351 17.9894 17.7758 8.93887 2.65261
1517838367 20.8687 17.838 17.7106 8.96956 2.66678
1517841567 20.2661 17.6351 17.5986 8.92948 2.65744
1517844767 19.9028 17.4549 17.5172 8.95612 2.67052
1517847967 19.7637 17.3251 17.4496 8.98744 2.68528
1517851167 19.6711 17.2082 17.3819 9.01914 2.70035
1517854367 19.4923 17.0544 17.3009 9.04758 2.71438
1517857567 19.485 16.9467 17.2302 9.07417 2.72772
1517860767 19.4881 16.8671 17.1729 9.10179 2.74111
1517863967 19.4898 16.7955 17.0853 9.04543 2.72608
1517867167 19.1475 16.6312 16.9976 9.07105 2.73957
1517870367 19.1658 16.5408 16.9278 9.09897 2.75373
1517873567 19.0774 16.432 16.8526 9.12567 2.76751
1517876767 19.2191 16.4035 16.8083 9.15271 2.78071
1517879967 19.3125 16.3778 16.7655 9.17962 2.7939
1517883167 19.0332 16.2557 16.6904 9.20533 2.80753
1517886367 18.6793 16.0791 16.5865 9.22612 2.82027
1517889567 18.4333 15.9231 16.4904 9.24703 2.83274
1517892767 18.3235 15.8118 16.4127 9.26688 2.84433
1517895967 18.3813 15.7457 16.3493 9.28827 2.85629
1517899167 18.3061 15.653 16.2389 9.19253 2.82781
1517902367 18.3638 15.5869 16.1708 9.21584 2.84096
1517905567 18.1079 15.4462 16.0737 9.23604 2.85363
1517908767 18.126 15.3833 16.0104 9.25594 2.86519
1517911968 22.1501 16.4936 16.3518 9.33424 2.89044
1517915168 25.0305 17.564 16.706 9.41802 2.91755
1517918368 26.8377 18.5097 17.0406 9.50075 2.94459
1517921568 27.033 18.9818 17.2311 9.5614 2.96573
1517924768 22.8243 15.1153 12.6594 6.81944 2.12542
1517927968 28.3762 20.294 17.7347 9.51202 2.94015
1517931168 29.5163 21.3436 18.2112 9.62269 2.97347
1517934368 29.1608 21.6864 18.4184 9.6927 2.99724
1517937568 28.8308 21.9741 18.6148 9.76304 3.0213
1517940768 28.9663 22.3302 18.8347 9.83595 3.04584
1517943968 28.8181 22.5761 19.0266 9.90524 3.06935
1517947168 26.1096 20.5724 17.7274 9.46969 2.95057
1517950368 29.0565 23.1536 19.4466 10.0539 3.11959
1517953568 29.1098 23.3838 19.6348 10.1241 3.14347
1517956768 29.1448 23.6039 19.8277 10.1989 3.16905
1517959968 27.1678 21.9666 18.5253 9.42136 2.92002
1517963168 28.183 23.1415 19.7011 10.0935 3.1375
1517966368 29.1925 24.1302 20.327 10.249 3.18223
1517969568 29.1974 24.2565 20.4833 10.3183 3.20609
1517972768 27.2053 22.4388 18.7804 9.35118 2.90341
1517975968 29.2041 24.4928 20.798 10.4627 3.25608
1517979168 29.2056 24.5868 20.9391 10.5317 3.28014
1517982368 25.2066 20.7503 17.5112 8.70309 2.70463
1517985568 28.2072 23.8246 20.632 10.5549 3.30088
1517988768 29.2076 24.8256 21.3519 10.745 3.3552
1517991968 29.2079 24.8859 21.4736 10.8118 3.37882
1517995168 28.208 23.9401 20.5904 10.2549 3.19853
1517998368 26.2082 22.0845 19.4287 10.0515 3.156
1518001568 28.2083 24.0616 20.8704 10.4472 3.26966
1518004768 29.2083 25.0813 21.9424 11.0864 3.47665
1518007968 29.2083 25.117 22.0474 11.1554 3.50175
1518011168 29.2083 25.15 22.1523 11.2258 3.52724
1518014368 29.2083 25.1776 22.2462 11.2901 3.55066
1518017568 29.2083 25.1932 22.1623 10.9752 3.43221
1518020768 29.3414 25.2577 22.318 11.1138 3.4888
1518023968 29.5101 25.3426 22.5415 11.4872 3.62279
1518027168 28.4048 24.3685 21.8833 11.377 3.60298
1518030368 28.1271 24.3109 21.9337 11.4371 3.62622
1518033568 27.998 24.2648 21.9834 11.495 3.64853
1518036768 28.3786 24.3956 21.8737 11.1072 3.5054
1518039968 29.2401 25.3062 22.901 11.811 3.74406
1518043168 28.2888 24.3268 21.9703 11.2214 3.54896
1518046368 29.3203 25.3457 23.0386 11.9364 3.79159
1518049568 29.3408 25.3623 23.1025 11.9976 3.81498
1518052768 29.3541 25.3777 23.1686 12.0629 3.84002
1518055968 29.3627 25.391 23.228 12.1229 3.86306
1518059168 29.3683 25.4031 23.2888 12.1852 3.8868
1518062368 28.3719 24.4141 22.2808 11.37 3.61407
1518065568 29.3743 25.4244 23.4073 12.3126 3.93581
1518068768 29.3758 25.4332 23.4591 12.3739 3.95999
1518071968 29.6425 25.5109 23.5319 12.4363 3.98398
1518075168 30.2501 25.7148 23.6492 12.5047 4.00927
1518078368 30.6939 25.9257 23.774 12.5775 4.03648
1518081568 28.9334 24.1141 22.0476 11.7322 3.76946
1518084768 31.0885 26.2324 23.9375 12.4438 3.98241
1518087968 30.2934 25.93 23.9235 12.7594 4.10793
1518091168 31.2646 26.4972 24.2053 12.8586 4.14139
1518094368 31.3044 26.6 24.2512 12.6587 4.06193
1518097568 30.0845 25.6259 23.388 12.1888 3.9112
1518100768 30.7745 26.5841 24.3194 12.5182 4.0052
1518103968 28.637 24.5889 22.4099 11.2699 3.58213
1518107168 29.9707 26.3771 24.361 12.6405 4.05383
1518110368 29.0131 25.3585 23.5006 12.4199 4.00345
1518113568 29.1413 25.3818 23.5565 12.4808 4.02702
1518116768 29.3425 25.6313 24.0345 12.4136 3.96626
1518119968 29.3539 25.4437 23.6659 12.6011 4.07405
1518123168 28.3625 24.4499 22.6271 11.6855 3.7542
1518126368 30.3662 26.4443 24.6626 13.0223 4.20237
1518129568 25.0189 21.3491 19.7502 10.0245 3.19147
1518132768 29.7938 26.2628 24.6793 13.1385 4.25019
1518135968 29.6479 26.1895 24.6932 13.1969 4.27386
1518139168 29.2494 25.5169 23.8931 12.5855 4.05859
1518142368 30.0222 26.2298 24.7663 13.3164 4.32186
1518145568 28.1456 24.2579 22.8151 12.0689 3.90382
1518148768 30.2263 26.2831 24.844 13.4371 4.37051
1518151968 30.2788 26.3058 24.8816 13.4988 4.39545
1518155168 27.3132 23.3217 21.912 11.479 3.69523
1518158368 27.3372 23.3413 22.0017 11.8453 3.84194
1518161568 30.2183 26.3228 24.9683 13.679 4.46984
1518164768 28.939 25.3771 24.0948 13.0485 4.24616
1518167968 29.7356 26.1709 24.967 13.7862 4.51584
1518171168 29.6123 26.1054 24.9668 13.8378 4.53813
1518174368 29.532 26.0458 24.9643 13.8899 4.56074
1518177568 28.4658 24.9729 23.9541 13.2236 4.32658
1518180768 26.4358 22.9266 21.9959 12.2953 4.05036
1518183968 29.4162 25.8831 24.9454 14.0485 4.6306
1518187168 29.4032 25.8462 24.9467 14.1023 4.65415
1518190368 29.3948 25.8143 24.9345 14.1303 4.66927
1518193568 29.3892 25.7835 24.9325 14.1812 4.69209
1518196768 29.3846 25.7459 24.9265 14.2337 4.71534
1518199968 29.3825 25.7215 24.9254 14.286 4.73857
1518203168 28.3811 24.6998 23.9233 13.6036 4.49637
1518206368 29.3802 25.6803 24.9212 14.3842 4.78315
1518209568 29.3797 25.6627 24.9193 14.4333 4.80555
1518212768 29.3793 25.6475 24.9186 14.4861 4.82956
1518215968 28.3791 24.6334 23.9459 14.1374 4.74038
1518219168 29.2468 25.5858 24.9045 14.5841 4.87464
1518222368 29.0782 25.5119 24.8801 14.6288 4.89617
1518225568 29.1821 25.5114 24.8803 14.6797 4.91976
1518228768 29.25 25.5078 24.8764 14.7271 4.94202
1518231968 29.2946 25.5078 24.8767 14.7755 4.96443
1518235168 29.331 25.5104 24.8773 14.8227 4.9867
1518238368 28.3475 24.5103 23.9015 14.4532 4.89062
1518241568 29.3583 25.51 24.8774 14.9203 5.03259
1518244768 29.3654 25.5099 24.8774 14.966 5.05425
1518247968 29.37 25.5098 24.8774 15.0125 5.07649
1518251168 26.373 22.5082 21.8982 13.2322 4.47669
1518254368 27.3749 23.509 22.9149 14.2402 4.87334
1518257568 29.3762 25.5084 24.8747 15.1529 5.14377
1518260768 29.3772 25.5095 24.8755 15.1983 5.16585
1518263968 29.2449 25.4745 24.8663 15.2452 5.18885
1518267168 29.2913 25.4754 24.7457 15.0923 5.14655
1518270368 29.3216 25.4802 24.8627 15.3352 5.23325
1518273568 29.0933 25.4143 24.8399 15.3771 5.25455
1518276768 28.8446 25.3224 24.8059 15.4153 5.27475
1518279968 26.0299 22.3412 21.8258 13.5803 4.64934
1518283168 27.1504 23.3583 22.8394 14.5863 5.05215
1518286368 29.249 25.3783 24.815 15.5528 5.34311
1518289568 29.2938 25.3914 24.8168 15.5954 5.36459
1518292768 28.077 24.335 23.8073 15.1655 5.24781
1518295968 27.8359 24.2523 23.8307 15.1243 5.19553
1518299168 28.6781 25.177 24.7301 15.7113 5.42682
1518302368 28.5747 25.1098 24.7002 15.7477 5.44676
1518305569 27.507 24.0493 23.6716 15.0088 5.17183
1518308769 28.4516 24.9783 24.636 15.825 5.48949
1518311969 28.0783 24.8297 24.5745 15.8592 5.50996
1518315169 27.8348 24.696 24.5149 15.8906 5.52916
1518318369 27.676 24.5752 24.4571 15.9219 5.54813
1518321569 27.5724 24.4667 24.4013 15.9521 5.56674
1518324769 27.5049 24.3693 24.3475 15.9831 5.58569
1518327969 27.461 24.283 24.297 16.018 5.60694
1518331169 27.4324 24.2043 24.2469 16.0478 5.62545
1518334369 27.4134 24.1262 24.1894 16.0767 5.64427
1518337569 21.38 17.6814 17.4403 11.6092 4.09299
1518340769 27.1441 23.9269 24.0674 16.1351 5.68245
1518343969 26.877 23.7826 23.9903 16.1603 5.70048
1518347169 25.7031 22.653 22.9221 15.6691 5.56223
1518350369 26.5898 23.5371 23.8451 16.2119 5.73694
1518353569 26.3838 23.3976 23.764 16.234 5.75374
1518356769 26.0348 23.206 23.6198 16.0821 5.70781
1518359969 25.8087 23.0315 23.5179 16.1034 5.72506
1518363169 25.9049 22.9456 23.4486 16.1269 5.74242
1518366369 21.0428 17.5059 17.6597 11.5312 3.99111
1518369569 24.2002 20.7287 20.847 14.6752 5.31444
1518372769 25.9115 22.7128 23.2402 16.1962 5.79517
1518375969 26.071 22.6911 23.1925 16.2212 5.81301
1518379169 26.0451 22.6378 23.1352 16.2447 5.83033
1518382369 26.1581 22.6225 23.0877 16.2697 5.84828
1518385569 26.2361 22.6142 23.0458 16.2934 5.86581
1518388769 26.2845 22.603 23.0052 16.3173 5.88311
1518391969 26.3233 22.588 22.9558 16.3421 5.90195
1518395169 26.3421 22.5796 22.9183 16.3665 5.91953
1518398369 26.3545 22.5713 22.879 16.3908 5.93734
1518401569 26.3627 22.5646 22.8441 16.4135 5.95424
1518404769 26.3683 22.5606 22.8107 16.4372 5.97194
1518407969 26.3733 22.5648 22.7826 16.4629 5.99033
1518411169 26.3746 22.5476 22.7387 16.4851 6.00813
1518414369 26.376 22.5435 22.7088 16.5092 6.02586
1518417569 26.3769 22.5395 22.6775 16.5309 6.04262
1518420769 26.6209 22.6047 22.6266 16.3349 5.97669
1518423969 26.88 22.6998 22.6384 16.3663 5.99625
1518427169 27.0508 22.7804 22.6466 16.3947 6.01452
1518430369 27.1912 22.8705 22.6546 16.4246 6.0344
1518433569 27.2555 22.9338 22.66 16.4531 6.05296
1518436769 27.2977 22.9916 22.6678 16.4809 6.07117
1518439969 27.3254 23.0431 22.6748 16.5092 6.08967
1518443169 27.3437 23.0923 22.6844 16.5391 6.10881
1518446369 27.3586 23.1438 22.6911 16.5683 6.12856
1518449569 27.3655 23.1801 22.6973 16.5964 6.14704
1518452769 27.37 23.213 22.7021 16.6231 6.16511
1518455969 27.3729 23.2424 22.7078 16.6494 6.18266
1518459169 27.3749 23.2706 22.7159 16.6798 6.20252
1518462369 27.3762 23.2942 22.7211 16.7058 6.22002
1518465569 27.3772 23.3207 22.7265 16.7356 6.2405
1518468769 27.3777 23.3396 22.7305 16.7616 6.25847
1518471969 27.378 23.3564 22.7353 16.7872 6.27593
1518475169 27.3782 23.3725 22.742 16.8159 6.29511
1518478369 27.3783 23.386 22.7464 16.8421 6.31309
1518481569 27.3784 23.3982 22.7506 16.8693 6.33163
1518484769 27.3785 23.4119 22.7549 16.8962 6.35083
1518487969 27.3785 23.4216 22.7581 16.9214 6.36867
1518491169 27.3786 23.4308 22.7637 16.9494 6.38773
1518494369 27.2452 23.4033 22.7554 16.9732 6.40521
1518497569 27.3021 23.4149 22.7595 16.9984 6.42302
1518500769 27.3282 23.4242 22.7633 17.024 6.4409
1518503969 27.3454 23.434 22.7665 17.0505 6.46045
1518507169 27.2268 23.4072 22.7585 17.0733 6.47754
1518510369 26.5204 23.1891 22.6842 17.0885 6.49349
1518513569 26.1294 23.0224 22.622 17.104 6.50944
1518516769 25.8702 22.8711 22.5616 17.1191 6.52492
1518519969 25.7185 22.7382 22.5039 17.1336 6.54028
1518523169 25.5732 22.5924 22.4366 17.1475 6.55677
1518526369 25.498 22.4671 22.3746 17.1622 6.57265
1518529569 25.3757 22.3409 22.3116 17.1757 6.58814
1518532769 25.7181 22.3568 22.2961 17.1954 6.60469
1518535969 25.8155 22.3389 22.2701 17.2128 6.62074
1518539169 25.8778 22.321 22.2445 17.2297 6.63651
1518542369 26.0932 22.3549 22.2352 17.2507 6.65383
1518545569 26.1894 22.3592 22.214 17.2686 6.67106
1518548769 26.2541 22.3739 22.202 17.2893 6.68858
1518551969 26.2966 22.3869 22.1456 17.1094 6.63089
1518555169 26.3248 22.3998 22.1365 17.1292 6.64751
1518558369 26.3479 22.4194 22.1304 17.1506 6.66479
1518561569 26.3584 22.4281 22.1213 17.1692 6.68062
1518564769 24.3652 20.4307 20.1074 15.8652 6.25151
1518567969 26.3698 22.4383 22.0981 17.2089 6.71531
1518571169 26.3728 22.4457 22.0905 17.2282 6.73186
1518574369 26.3748 22.4518 22.0829 17.2472 6.74813
1518577232 26.3763 22.4597 22.0756 17.2675 6.76545
1518577432 26.3763 22.4597 22.0756 17.2675 6.76545
